# JRE version: OpenJDK Runtime Environment (21.0.6) (build 21.0.6+-13391695-b895.109)
# Java VM: OpenJDK 64-Bit Server VM (21.0.6+-13391695-b895.109, mixed mode, tiered, compressed oops, compressed class ptrs, g1 gc, windows-amd64)
GC Precious Log:
 CardTable entry size: 512
 Card Set container configuration: InlinePtr #cards 5 size 8 Array Of Cards #cards 12 size 40 Howl #buckets 4 coarsen threshold 1843 Howl Bitmap #cards 512 size 80 coarsen threshold 460 Card regions per heap region 1 cards per card region 2048
 CPUs: 8 total, 8 available
 Memory: 20311M
 Large Page Support: Disabled
 NUMA Support: Disabled
 Compressed Oops: Enabled (32-bit)
 Heap Region Size: 1M
 Heap Min Capacity: 8M
 Heap Initial Capacity: 318M
 Heap Max Capacity: 2G
 Pre-touch: Disabled
 Parallel Workers: 8
 Concurrent Workers: 2
 Concurrent Refinement Workers: 8
 Periodic GC: Disabled
Heap:
 garbage-first heap   total 282624K, used 196442K [0x0000000080000000, 0x0000000100000000)
  region size 1024K, 8 young (8192K), 1 survivors (1024K)
 Metaspace       used 120804K, committed 123136K, reserved 1179648K
  class space    used 16357K, committed 17536K, reserved 1048576K
GC Heap History (20 events):
Event: 14.732 GC heap before
{Heap before GC invocations=26 (full 0):
 garbage-first heap   total 190464K, used 169544K [0x0000000080000000, 0x0000000100000000)
  region size 1024K, 78 young (79872K), 7 survivors (7168K)
 Metaspace       used 100337K, committed 102528K, reserved 1179648K
  class space    used 13560K, committed 14656K, reserved 1048576K
}
Event: 14.739 GC heap after
{Heap after GC invocations=27 (full 0):
 garbage-first heap   total 190464K, used 98718K [0x0000000080000000, 0x0000000100000000)
  region size 1024K, 7 young (7168K), 7 survivors (7168K)
 Metaspace       used 100337K, committed 102528K, reserved 1179648K
  class space    used 13560K, committed 14656K, reserved 1048576K
}
Event: 15.750 GC heap before
{Heap before GC invocations=27 (full 0):
 garbage-first heap   total 190464K, used 171422K [0x0000000080000000, 0x0000000100000000)
  region size 1024K, 78 young (79872K), 7 survivors (7168K)
 Metaspace       used 105941K, committed 108096K, reserved 1179648K
  class space    used 14399K, committed 15488K, reserved 1048576K
}
Event: 15.758 GC heap after
{Heap after GC invocations=28 (full 0):
 garbage-first heap   total 190464K, used 102520K [0x0000000080000000, 0x0000000100000000)
  region size 1024K, 6 young (6144K), 6 survivors (6144K)
 Metaspace       used 105941K, committed 108096K, reserved 1179648K
  class space    used 14399K, committed 15488K, reserved 1048576K
}
Event: 16.704 GC heap before
{Heap before GC invocations=28 (full 0):
 garbage-first heap   total 190464K, used 173176K [0x0000000080000000, 0x0000000100000000)
  region size 1024K, 75 young (76800K), 6 survivors (6144K)
 Metaspace       used 112187K, committed 114432K, reserved 1179648K
  class space    used 15262K, committed 16384K, reserved 1048576K
}
Event: 16.714 GC heap after
{Heap after GC invocations=29 (full 0):
 garbage-first heap   total 190464K, used 106238K [0x0000000080000000, 0x0000000100000000)
  region size 1024K, 8 young (8192K), 8 survivors (8192K)
 Metaspace       used 112187K, committed 114432K, reserved 1179648K
  class space    used 15262K, committed 16384K, reserved 1048576K
}
Event: 17.441 GC heap before
{Heap before GC invocations=30 (full 0):
 garbage-first heap   total 190464K, used 170750K [0x0000000080000000, 0x0000000100000000)
  region size 1024K, 71 young (72704K), 8 survivors (8192K)
 Metaspace       used 113983K, committed 116224K, reserved 1179648K
  class space    used 15556K, committed 16704K, reserved 1048576K
}
Event: 17.452 GC heap after
{Heap after GC invocations=31 (full 0):
 garbage-first heap   total 190464K, used 112760K [0x0000000080000000, 0x0000000100000000)
  region size 1024K, 9 young (9216K), 9 survivors (9216K)
 Metaspace       used 113983K, committed 116224K, reserved 1179648K
  class space    used 15556K, committed 16704K, reserved 1048576K
}
Event: 18.524 GC heap before
{Heap before GC invocations=31 (full 0):
 garbage-first heap   total 190464K, used 170104K [0x0000000080000000, 0x0000000100000000)
  region size 1024K, 65 young (66560K), 9 survivors (9216K)
 Metaspace       used 116325K, committed 118720K, reserved 1179648K
  class space    used 15888K, committed 17088K, reserved 1048576K
}
Event: 18.537 GC heap after
{Heap after GC invocations=32 (full 0):
 garbage-first heap   total 190464K, used 120540K [0x0000000080000000, 0x0000000100000000)
  region size 1024K, 9 young (9216K), 9 survivors (9216K)
 Metaspace       used 116325K, committed 118720K, reserved 1179648K
  class space    used 15888K, committed 17088K, reserved 1048576K
}
Event: 18.697 GC heap before
{Heap before GC invocations=32 (full 0):
 garbage-first heap   total 190464K, used 169692K [0x0000000080000000, 0x0000000100000000)
  region size 1024K, 58 young (59392K), 9 survivors (9216K)
 Metaspace       used 116334K, committed 118720K, reserved 1179648K
  class space    used 15888K, committed 17088K, reserved 1048576K
}
Event: 18.705 GC heap after
{Heap after GC invocations=33 (full 0):
 garbage-first heap   total 190464K, used 124334K [0x0000000080000000, 0x0000000100000000)
  region size 1024K, 5 young (5120K), 5 survivors (5120K)
 Metaspace       used 116334K, committed 118720K, reserved 1179648K
  class space    used 15888K, committed 17088K, reserved 1048576K
}
Event: 19.094 GC heap before
{Heap before GC invocations=34 (full 0):
 garbage-first heap   total 209920K, used 172462K [0x0000000080000000, 0x0000000100000000)
  region size 1024K, 52 young (53248K), 5 survivors (5120K)
 Metaspace       used 116650K, committed 119040K, reserved 1179648K
  class space    used 15955K, committed 17152K, reserved 1048576K
}
Event: 19.099 GC heap after
{Heap after GC invocations=35 (full 0):
 garbage-first heap   total 209920K, used 125607K [0x0000000080000000, 0x0000000100000000)
  region size 1024K, 6 young (6144K), 6 survivors (6144K)
 Metaspace       used 116650K, committed 119040K, reserved 1179648K
  class space    used 15955K, committed 17152K, reserved 1048576K
}
Event: 20.168 GC heap before
{Heap before GC invocations=35 (full 0):
 garbage-first heap   total 209920K, used 199335K [0x0000000080000000, 0x0000000100000000)
  region size 1024K, 70 young (71680K), 6 survivors (6144K)
 Metaspace       used 120025K, committed 122368K, reserved 1179648K
  class space    used 16272K, committed 17472K, reserved 1048576K
}
Event: 20.190 GC heap after
{Heap after GC invocations=36 (full 0):
 garbage-first heap   total 235520K, used 151325K [0x0000000080000000, 0x0000000100000000)
  region size 1024K, 9 young (9216K), 9 survivors (9216K)
 Metaspace       used 120025K, committed 122368K, reserved 1179648K
  class space    used 16272K, committed 17472K, reserved 1048576K
}
Event: 20.494 GC heap before
{Heap before GC invocations=36 (full 0):
 garbage-first heap   total 235520K, used 174877K [0x0000000080000000, 0x0000000100000000)
  region size 1024K, 34 young (34816K), 9 survivors (9216K)
 Metaspace       used 120339K, committed 122688K, reserved 1179648K
  class space    used 16297K, committed 17472K, reserved 1048576K
}
Event: 20.510 GC heap after
{Heap after GC invocations=37 (full 0):
 garbage-first heap   total 282624K, used 164864K [0x0000000080000000, 0x0000000100000000)
  region size 1024K, 7 young (7168K), 7 survivors (7168K)
 Metaspace       used 120339K, committed 122688K, reserved 1179648K
  class space    used 16297K, committed 17472K, reserved 1048576K
}
Event: 20.593 GC heap before
{Heap before GC invocations=37 (full 0):
 garbage-first heap   total 282624K, used 173056K [0x0000000080000000, 0x0000000100000000)
  region size 1024K, 9 young (9216K), 7 survivors (7168K)
 Metaspace       used 120339K, committed 122688K, reserved 1179648K
  class space    used 16297K, committed 17472K, reserved 1048576K
}
Event: 20.601 GC heap after
{Heap after GC invocations=38 (full 0):
 garbage-first heap   total 282624K, used 169818K [0x0000000080000000, 0x0000000100000000)
  region size 1024K, 1 young (1024K), 1 survivors (1024K)
 Metaspace       used 120339K, committed 122688K, reserved 1179648K
  class space    used 16297K, committed 17472K, reserved 1048576K
}

